<?xml version="1.0" encoding="UTF-8"?>
<!-- Generated by org.testng.reporters.JUnitReportReporter -->
<testsuite hostname="DESKTOP-25FDBGI" failures="0" tests="3" name="com.artoftesting.test.SauceDemoLoginTest" time="2.058" errors="0" timestamp="2021-01-02T14:30:33 IST" skipped="0">
  <testcase classname="com.artoftesting.test.SauceDemoLoginTest" name="loginTest" time="1.215"/>
  <testcase classname="com.artoftesting.test.SauceDemoLoginTest" name="tempTest" time="0.178"/>
  <testcase classname="com.artoftesting.test.SauceDemoLoginTest" name="tempTest" time="0.665"/>
</testsuite> <!-- com.artoftesting.test.SauceDemoLoginTest -->
